INFO  06:29:27 Application started. Press Ctrl+C to shut down.
INFO  06:29:27 Hosting environment: Development
INFO  06:29:27 Content root path: D:\Cognizant\PAS\PolicyAdministrationSystem\PolicyAdministrationSystem\ConsumerMicroAPI\Application\ConsumerMicroservice
INFO  04:53:08 Application started. Press Ctrl+C to shut down.
INFO  04:53:08 Hosting environment: Development
INFO  04:53:08 Content root path: D:\Cognizant\PAS\PolicyAdministrationSystem\PolicyAdministrationSystem\ConsumerMicroAPI\Application\ConsumerMicroservice
INFO  04:53:32 ViewConsumerBusiness Method Called
INFO  04:54:51 ViewConsumerBusiness Method Called
INFO  04:55:43 ViewConsumerProperty Method Called
INFO  06:14:25 Application started. Press Ctrl+C to shut down.
INFO  06:14:25 Hosting environment: Development
INFO  06:14:25 Content root path: D:\Cognizant\PAS\PolicyAdministrationSystem\PolicyAdministrationSystem\ConsumerMicroAPI\Application\ConsumerMicroservice
INFO  04:22:04 Application started. Press Ctrl+C to shut down.
INFO  04:22:04 Hosting environment: Development
INFO  04:22:04 Content root path: D:\Cognizant\PAS\PolicyAdministrationSystem\PolicyAdministrationSystem\ConsumerMicroAPI\Application\ConsumerMicroservice
INFO  09:10:40 ViewConsumerBusiness Method Called
ERROR 09:12:17 An unhandled exception has occurred while executing the request.
System.NullReferenceException: Object reference not set to an instance of an object.
   at ConsumerMicroservice.Controllers.ConsumerController.ViewConsumerBusiness(String ConsumerId, String BusinessId, String authorization) in D:\Cognizant\PAS\PolicyAdministrationSystem\PolicyAdministrationSystem\ConsumerMicroAPI\Application\ConsumerMicroservice\Controllers\ConsumerController.cs:line 133
   at Microsoft.AspNetCore.Mvc.Infrastructure.ActionMethodExecutor.TaskOfIActionResultExecutor.Execute(IActionResultTypeMapper mapper, ObjectMethodExecutor executor, Object controller, Object[] arguments)
   at Microsoft.AspNetCore.Mvc.Infrastructure.ControllerActionInvoker.<InvokeActionMethodAsync>g__Awaited|12_0(ControllerActionInvoker invoker, ValueTask`1 actionResultValueTask)
   at Microsoft.AspNetCore.Mvc.Infrastructure.ControllerActionInvoker.<InvokeNextActionFilterAsync>g__Awaited|10_0(ControllerActionInvoker invoker, Task lastTask, State next, Scope scope, Object state, Boolean isCompleted)
   at Microsoft.AspNetCore.Mvc.Infrastructure.ControllerActionInvoker.Rethrow(ActionExecutedContextSealed context)
   at Microsoft.AspNetCore.Mvc.Infrastructure.ControllerActionInvoker.Next(State& next, Scope& scope, Object& state, Boolean& isCompleted)
   at Microsoft.AspNetCore.Mvc.Infrastructure.ControllerActionInvoker.InvokeInnerFilterAsync()
--- End of stack trace from previous location where exception was thrown ---
   at Microsoft.AspNetCore.Mvc.Infrastructure.ResourceInvoker.<InvokeFilterPipelineAsync>g__Awaited|19_0(ResourceInvoker invoker, Task lastTask, State next, Scope scope, Object state, Boolean isCompleted)
   at Microsoft.AspNetCore.Mvc.Infrastructure.ResourceInvoker.<InvokeAsync>g__Awaited|17_0(ResourceInvoker invoker, Task task, IDisposable scope)
   at Microsoft.AspNetCore.Routing.EndpointMiddleware.<Invoke>g__AwaitRequestTask|6_0(Endpoint endpoint, Task requestTask, ILogger logger)
   at Microsoft.AspNetCore.Authorization.AuthorizationMiddleware.Invoke(HttpContext context)
   at Swashbuckle.AspNetCore.SwaggerUI.SwaggerUIMiddleware.Invoke(HttpContext httpContext)
   at Swashbuckle.AspNetCore.Swagger.SwaggerMiddleware.Invoke(HttpContext httpContext, ISwaggerProvider swaggerProvider)
   at Microsoft.AspNetCore.Diagnostics.DeveloperExceptionPageMiddleware.Invoke(HttpContext context)
INFO  09:12:39 ViewConsumerBusiness Method Called
INFO  09:12:50 ViewConsumerBusiness Method Called
INFO  09:12:58 ViewConsumerBusiness Method Called
INFO  09:13:05 ViewConsumerBusiness Method Called
INFO  09:15:37 Start processing HTTP request POST https://localhost:44365/api/Auth/Verify
INFO  09:15:37 Sending HTTP request POST https://localhost:44365/api/Auth/Verify
INFO  09:15:40 Received HTTP response after 3375.3108ms - OK
INFO  09:15:40 End processing HTTP request after 3627.3919ms - OK
INFO  09:15:40 ViewConsumerBusiness Method Called
INFO  09:15:46 Start processing HTTP request POST https://localhost:44365/api/Auth/Verify
INFO  09:15:46 Sending HTTP request POST https://localhost:44365/api/Auth/Verify
INFO  09:15:47 Received HTTP response after 1170.4297ms - Unauthorized
INFO  09:15:47 End processing HTTP request after 1177.9905ms - Unauthorized
INFO  09:15:55 Start processing HTTP request POST https://localhost:44365/api/Auth/Verify
INFO  09:15:55 Sending HTTP request POST https://localhost:44365/api/Auth/Verify
INFO  09:15:55 Received HTTP response after 21.7805ms - OK
INFO  09:15:55 End processing HTTP request after 29.6002ms - OK
INFO  09:15:55 ViewConsumerBusiness Method Called
